izooto/build 2/intermediates/manifest_merge_blame_file/debug/manifest-merger-blame-debug-report 2.txt
1<?xml version="1.0" encoding="utf-8"?>
2<manifest xmlns:android="http://schemas.android.com/apk/res/android"
3    xmlns:tools="http://schemas.android.com/tools"
4    package="com.izooto"
5    android:versionCode="16"
6    android:versionName="1.3.1" >
7
8    <uses-sdk
9        android:minSdkVersion="16"
9-->src/main/AndroidManifest.xml
10        android:targetSdkVersion="30" />
10-->src/main/AndroidManifest.xml
11
12    <uses-permission android:name="android.permission.INTERNET" />
12-->src/main/AndroidManifest.xml:6:5-67
12-->src/main/AndroidManifest.xml:6:22-64
13    <uses-permission android:name="android.permission.WAKE_LOCK" />
13-->src/main/AndroidManifest.xml:7:5-68
13-->src/main/AndroidManifest.xml:7:22-65
14    <uses-permission android:name="android.permission.VIBRATE" />
14-->src/main/AndroidManifest.xml:8:5-66
14-->src/main/AndroidManifest.xml:8:22-63
15    <uses-permission android:name="android.permission.ACCESS_NETWORK_STATE" />
15-->src/main/AndroidManifest.xml:9:5-79
15-->src/main/AndroidManifest.xml:9:22-76
16    <!-- for Samsung -->
17    <uses-permission android:name="com.sec.android.provider.badge.permission.READ" />
17-->src/main/AndroidManifest.xml:11:5-85
17-->src/main/AndroidManifest.xml:11:22-83
18    <uses-permission android:name="com.sec.android.provider.badge.permission.WRITE" />
18-->src/main/AndroidManifest.xml:12:5-86
18-->src/main/AndroidManifest.xml:12:22-84
19
20    <!-- for htc -->
21    <uses-permission android:name="com.htc.launcher.permission.READ_SETTINGS" />
21-->src/main/AndroidManifest.xml:15:5-80
21-->src/main/AndroidManifest.xml:15:22-78
22    <uses-permission android:name="com.htc.launcher.permission.UPDATE_SHORTCUT" />
22-->src/main/AndroidManifest.xml:16:5-82
22-->src/main/AndroidManifest.xml:16:22-80
23
24    <!-- for sony -->
25    <uses-permission android:name="com.sonyericsson.home.permission.BROADCAST_BADGE" />
25-->src/main/AndroidManifest.xml:19:5-87
25-->src/main/AndroidManifest.xml:19:22-85
26    <uses-permission android:name="com.sonymobile.home.permission.PROVIDER_INSERT_BADGE" />
26-->src/main/AndroidManifest.xml:20:5-91
26-->src/main/AndroidManifest.xml:20:22-89
27
28    <!-- for apex -->
29    <uses-permission android:name="com.anddoes.launcher.permission.UPDATE_COUNT" />
29-->src/main/AndroidManifest.xml:23:5-83
29-->src/main/AndroidManifest.xml:23:22-81
30
31    <!-- for solid -->
32    <uses-permission android:name="com.majeur.launcher.permission.UPDATE_BADGE" />
32-->src/main/AndroidManifest.xml:26:5-82
32-->src/main/AndroidManifest.xml:26:22-80
33
34    <!-- for huawei -->
35    <uses-permission android:name="com.huawei.android.launcher.permission.CHANGE_BADGE" />
35-->src/main/AndroidManifest.xml:29:5-90
35-->src/main/AndroidManifest.xml:29:22-88
36    <uses-permission android:name="com.huawei.android.launcher.permission.READ_SETTINGS" />
36-->src/main/AndroidManifest.xml:30:5-91
36-->src/main/AndroidManifest.xml:30:22-89
37    <uses-permission android:name="com.huawei.android.launcher.permission.WRITE_SETTINGS" />
37-->src/main/AndroidManifest.xml:31:5-92
37-->src/main/AndroidManifest.xml:31:22-90
38
39    <!-- for ZUK -->
40    <uses-permission android:name="android.permission.READ_APP_BADGE" />
40-->src/main/AndroidManifest.xml:34:5-72
40-->src/main/AndroidManifest.xml:34:22-70
41
42    <!-- for OPPO -->
43    <uses-permission android:name="com.oppo.launcher.permission.READ_SETTINGS" />
43-->src/main/AndroidManifest.xml:37:5-81
43-->src/main/AndroidManifest.xml:37:22-79
44    <uses-permission android:name="com.oppo.launcher.permission.WRITE_SETTINGS" />
44-->src/main/AndroidManifest.xml:38:5-82
44-->src/main/AndroidManifest.xml:38:22-80
45
46    <!-- for EvMe -->
47    <uses-permission android:name="me.everything.badger.permission.BADGE_COUNT_READ" />
47-->src/main/AndroidManifest.xml:41:5-87
47-->src/main/AndroidManifest.xml:41:22-85
48    <uses-permission android:name="me.everything.badger.permission.BADGE_COUNT_WRITE" />
48-->src/main/AndroidManifest.xml:42:5-88
48-->src/main/AndroidManifest.xml:42:22-86
49
50    <application
50-->src/main/AndroidManifest.xml:43:5-76:19
51        android:usesCleartextTraffic="true"
51-->src/main/AndroidManifest.xml:44:9-44
52        tools:targetApi="m" >
52-->src/main/AndroidManifest.xml:45:9-28
53        <activity
53-->src/main/AndroidManifest.xml:47:9-51:47
54            android:name="com.izooto.iZootoWebViewActivity"
54-->src/main/AndroidManifest.xml:48:13-60
55            android:exported="false"
55-->src/main/AndroidManifest.xml:50:13-37
56            android:launchMode="singleTask"
56-->src/main/AndroidManifest.xml:51:13-44
57            android:screenOrientation="portrait" />
57-->src/main/AndroidManifest.xml:49:13-49
58
59        <meta-data
59-->src/main/AndroidManifest.xml:52:9-53:36
60            android:name="android.webkit.WebView.EnableSafeBrowsing"
60-->src/main/AndroidManifest.xml:52:20-76
61            android:value="true" />
61-->src/main/AndroidManifest.xml:53:13-33
62
63        <receiver
63-->src/main/AndroidManifest.xml:54:9-61:20
64            android:name="com.izooto.NotificationActionReceiver"
64-->src/main/AndroidManifest.xml:55:13-65
65            android:enabled="true" >
65-->src/main/AndroidManifest.xml:56:13-35
66            <intent-filter>
66-->src/main/AndroidManifest.xml:57:13-60:29
67                <action android:name="actionBtnOne" />
67-->src/main/AndroidManifest.xml:58:17-55
67-->src/main/AndroidManifest.xml:58:25-52
68                <action android:name="actionBtnTwo" />
68-->src/main/AndroidManifest.xml:59:17-55
68-->src/main/AndroidManifest.xml:59:25-52
69            </intent-filter>
70        </receiver>
71
72        <service
72-->src/main/AndroidManifest.xml:62:9-69:19
73            android:name="com.izooto.iZootoMessagingService"
73-->src/main/AndroidManifest.xml:63:13-61
74            android:enabled="true"
74-->src/main/AndroidManifest.xml:64:13-35
75            android:exported="true" >
75-->src/main/AndroidManifest.xml:65:13-36
76            <intent-filter>
76-->src/main/AndroidManifest.xml:66:13-68:29
77                <action android:name="com.google.firebase.MESSAGING_EVENT" />
77-->src/main/AndroidManifest.xml:67:17-78
77-->src/main/AndroidManifest.xml:67:25-75
78            </intent-filter>
79        </service>
80
81        <meta-data
81-->src/main/AndroidManifest.xml:71:9-73:48
82            android:name="izooto_app_id"
82-->src/main/AndroidManifest.xml:72:13-41
83            android:value="${izooto_app_id}" />
83-->src/main/AndroidManifest.xml:73:13-45
84    </application>
85
86</manifest>